<?xml version="1.0" encoding="UTF-8"?>
<!-- Generated by org.testng.reporters.JUnitReportReporter -->
<testsuite hostname="LD-DiptiRanjan" failures="0" tests="1" name="jenkins.jenkins" time="9.293" errors="0" timestamp="2023-08-23T15:50:44 IST" skipped="0">
  <testcase classname="jenkins.jenkins" name="main" time="9.293"/>
  <system-out/>
</testsuite> <!-- jenkins.jenkins -->
